[    0.000000] Initializing cgroup subsys cpuset
[    0.000000] Initializing cgroup subsys cpu
[    0.000000] Initializing cgroup subsys cpuacct
[    0.000000] Linux version 4.4.0-210-generic (buildd@lgw01-amd64-009) (gcc version 5.4.0 20160609 (Ubuntu 5.4.0-6ubuntu1~16.04.12) ) #242-Ubuntu SMP Fri Apr 16 09:57:56 UTC 2021 (Ubuntu 4.4.0-210.242-generic 4.4.262)
[    0.000000] Command line: BOOT_IMAGE=/boot/vmlinuz-4.4.0-210-generic root=LABEL=cloudimg-rootfs ro console=tty1 console=ttyS0
[    0.000000] KERNEL supported cpus:
[    0.000000]   Intel GenuineIntel
[    0.000000]   AMD AuthenticAMD
[    0.000000]   Centaur CentaurHauls
[    0.000000] [Firmware Bug]: TSC doesn't count with P0 frequency!
[    0.000000] x86/fpu: Legacy x87 FPU detected.
[    0.000000] e820: BIOS-provided physical RAM map:
[    0.000000] BIOS-e820: [mem 0x0000000000000000-0x000000000009fbff] usable
[    0.000000] BIOS-e820: [mem 0x000000000009fc00-0x000000000009ffff] reserved
[    0.000000] BIOS-e820: [mem 0x00000000000f0000-0x00000000000fffff] reserved
[    0.000000] BIOS-e820: [mem 0x0000000000100000-0x000000003ffeffff] usable
[    0.000000] BIOS-e820: [mem 0x000000003fff0000-0x000000003fffffff] ACPI data
[    0.000000] BIOS-e820: [mem 0x00000000fec00000-0x00000000fec00fff] reserved
[    0.000000] BIOS-e820: [mem 0x00000000fee00000-0x00000000fee00fff] reserved
[    0.000000] BIOS-e820: [mem 0x00000000fffc0000-0x00000000ffffffff] reserved
[    0.000000] NX (Execute Disable) protection: active
[    0.000000] SMBIOS 2.5 present.
[    0.000000] Hypervisor detected: KVM
[    0.000000] Kernel/User page tables isolation: disabled
[    0.000000] e820: last_pfn = 0x3fff0 max_arch_pfn = 0x400000000
[    0.000000] MTRR: Disabled
[    0.000000] x86/PAT: MTRRs disabled, skipping PAT initialization too.
[    0.000000] CPU MTRRs all blank - virtualized system.
[    0.000000] x86/PAT: Configuration [0-7]: WB  WT  UC- UC  WB  WT  UC- UC  
[    0.000000] found SMP MP-table at [mem 0x0009fff0-0x0009ffff] mapped at [ffff88000009fff0]
[    0.000000] Scanning 1 areas for low memory corruption
[    0.000000] RAMDISK: [mem 0x362dc000-0x37165fff]
[    0.000000] ACPI: Early table checksum verification disabled
[    0.000000] ACPI: RSDP 0x00000000000E0000 000024 (v02 VBOX  )
[    0.000000] ACPI: XSDT 0x000000003FFF0030 00003C (v01 VBOX   VBOXXSDT 00000001 ASL  00000061)
[    0.000000] ACPI: FACP 0x000000003FFF00F0 0000F4 (v04 VBOX   VBOXFACP 00000001 ASL  00000061)
[    0.000000] ACPI: DSDT 0x000000003FFF0470 002325 (v02 VBOX   VBOXBIOS 00000002 INTL 20100528)
[    0.000000] ACPI: FACS 0x000000003FFF0200 000040
[    0.000000] ACPI: FACS 0x000000003FFF0200 000040
[    0.000000] ACPI: APIC 0x000000003FFF0240 00005C (v02 VBOX   VBOXAPIC 00000001 ASL  00000061)
[    0.000000] ACPI: SSDT 0x000000003FFF02A0 0001CC (v01 VBOX   VBOXCPUT 00000002 INTL 20100528)
[    0.000000] No NUMA configuration found
[    0.000000] Faking a node at [mem 0x0000000000000000-0x000000003ffeffff]
[    0.000000] NODE_DATA(0) allocated [mem 0x3ffeb000-0x3ffeffff]
[    0.000000] kvm-clock: Using msrs 4b564d01 and 4b564d00
[    0.000000] kvm-clock: cpu 0, msr 0:3ffe3001, primary cpu clock
[    0.000000] kvm-clock: using sched offset of 3258532779 cycles
[    0.000000] clocksource: kvm-clock: mask: 0xffffffffffffffff max_cycles: 0x1cd42e4dffb, max_idle_ns: 881590591483 ns
[    0.000000] Zone ranges:
[    0.000000]   DMA      [mem 0x0000000000001000-0x0000000000ffffff]
[    0.000000]   DMA32    [mem 0x0000000001000000-0x000000003ffeffff]
[    0.000000]   Normal   empty
[    0.000000]   Device   empty
[    0.000000] Movable zone start for each node
[    0.000000] Early memory node ranges
[    0.000000]   node   0: [mem 0x0000000000001000-0x000000000009efff]
[    0.000000]   node   0: [mem 0x0000000000100000-0x000000003ffeffff]
[    0.000000] Initmem setup node 0 [mem 0x0000000000001000-0x000000003ffeffff]
[    0.000000] ACPI: PM-Timer IO Port: 0x4008
[    0.000000] IOAPIC[0]: apic_id 2, version 32, address 0xfec00000, GSI 0-23
[    0.000000] ACPI: INT_SRC_OVR (bus 0 bus_irq 0 global_irq 2 dfl dfl)
[    0.000000] ACPI: INT_SRC_OVR (bus 0 bus_irq 9 global_irq 9 low level)
[    0.000000] Using ACPI (MADT) for SMP configuration information
[    0.000000] smpboot: Allowing 2 CPUs, 0 hotplug CPUs
[    0.000000] PM: Registered nosave memory: [mem 0x00000000-0x00000fff]
[    0.000000] PM: Registered nosave memory: [mem 0x0009f000-0x0009ffff]
[    0.000000] PM: Registered nosave memory: [mem 0x000a0000-0x000effff]
[    0.000000] PM: Registered nosave memory: [mem 0x000f0000-0x000fffff]
[    0.000000] e820: [mem 0x40000000-0xfebfffff] available for PCI devices
[    0.000000] Booting paravirtualized kernel on KVM
[    0.000000] clocksource: refined-jiffies: mask: 0xffffffff max_cycles: 0xffffffff, max_idle_ns: 7645519600211568 ns
[    0.000000] setup_percpu: NR_CPUS:512 nr_cpumask_bits:512 nr_cpu_ids:2 nr_node_ids:1
[    0.000000] PERCPU: Embedded 33 pages/cpu @ffff88003fc00000 s95192 r8192 d31784 u1048576
[    0.000000] Built 1 zonelists in Node order, mobility grouping on.  Total pages: 257912
[    0.000000] Policy zone: DMA32
[    0.000000] Kernel command line: BOOT_IMAGE=/boot/vmlinuz-4.4.0-210-generic root=LABEL=cloudimg-rootfs ro console=tty1 console=ttyS0
[    0.000000] PID hash table entries: 4096 (order: 3, 32768 bytes)
[    0.000000] Memory: 997792K/1048120K available (8644K kernel code, 1332K rwdata, 4044K rodata, 1492K init, 1164K bss, 50328K reserved, 0K cma-reserved)
[    0.000000] SLUB: HWalign=64, Order=0-3, MinObjects=0, CPUs=2, Nodes=1
[    0.000000] Hierarchical RCU implementation.
[    0.000000] 	Build-time adjustment of leaf fanout to 64.
[    0.000000] 	RCU restricting CPUs from NR_CPUS=512 to nr_cpu_ids=2.
[    0.000000] RCU: Adjusting geometry for rcu_fanout_leaf=64, nr_cpu_ids=2
[    0.000000] NR_IRQS:33024 nr_irqs:440 16
[    0.000000] Console: colour VGA+ 80x25
[    0.000000] console [tty1] enabled
[    0.000000] console [ttyS0] enabled
[    0.000000] tsc: Detected 3193.920 MHz processor
[    0.278209] Calibrating delay loop (skipped) preset value.. 6387.84 BogoMIPS (lpj=12775680)
[    0.282049] pid_max: default: 32768 minimum: 301
[    0.284062] ACPI: Core revision 20150930
[    0.286524] ACPI: 2 ACPI AML tables successfully acquired and loaded
[    0.290197] Security Framework initialized
[    0.292227] Yama: becoming mindful.
[    0.293891] AppArmor: AppArmor initialized
[    0.295774] Dentry cache hash table entries: 131072 (order: 8, 1048576 bytes)
[    0.301433] Inode-cache hash table entries: 65536 (order: 7, 524288 bytes)
[    0.305445] Mount-cache hash table entries: 2048 (order: 2, 16384 bytes)
[    0.308390] Mountpoint-cache hash table entries: 2048 (order: 2, 16384 bytes)
[    0.313948] Initializing cgroup subsys io
[    0.315767] Initializing cgroup subsys memory
[    0.317987] Initializing cgroup subsys devices
[    0.319964] Initializing cgroup subsys freezer
[    0.322046] Initializing cgroup subsys net_cls
[    0.324067] Initializing cgroup subsys perf_event
[    0.326818] Initializing cgroup subsys net_prio
[    0.328979] Initializing cgroup subsys hugetlb
[    0.331013] Initializing cgroup subsys pids
[    0.333328] mce: CPU supports 0 MCE banks
[    0.335290] Last level iTLB entries: 4KB 512, 2MB 512, 4MB 256
[    0.338063] Last level dTLB entries: 4KB 2048, 2MB 2048, 4MB 1024, 1GB 0
[    0.341078] Spectre V1 : Mitigation: usercopy/swapgs barriers and __user pointer sanitization
[    0.344745] Spectre V2 : Spectre mitigation: LFENCE not serializing, switching to generic retpoline
[    0.351877] Spectre V2 : Mitigation: Full generic retpoline
[    0.355106] Spectre V2 : Spectre v2 / SpectreRSB mitigation: Filling RSB on context switch
[    0.375131] Freeing SMP alternatives memory: 36K
[    0.415398] ftrace: allocating 32380 entries in 127 pages
[    0.690096] smpboot: APIC(0) Converting physical 0 to logical package 0
[    0.693329] smpboot: Max logical packages: 1
[    0.702598] ..TIMER: vector=0x30 apic1=0 pin1=2 apic2=-1 pin2=-1
[    0.813922] APIC calibration not consistent with PM-Timer: 98ms instead of 100ms
[    0.817407] APIC delta adjusted to PM-Timer: 6224628 (6148584)
[    0.820595] smpboot: CPU0: AMD Ryzen 7 5800HS with Radeon Graphics (family: 0x19, model: 0x50, stepping: 0x0)
[    0.825772] Performance Events: Broken PMU hardware detected, using software events only.
[    0.829720] Failed to access perfctr msr (MSR c0010007 is 0)
[    0.871488] KVM setup paravirtual spinlock
[    0.874887] x86: Booting SMP configuration:
[    0.876787] .... node  #0, CPUs:      #1
[    0.879424] kvm-clock: cpu 1, msr 0:3ffe3041, secondary cpu clock
[    0.882447] mce: CPU supports 0 MCE banks
[    0.885596] TSC synchronization [CPU#0 -> CPU#1]:
[    0.888281] Measured 54365 cycles TSC warp between CPUs, turning off TSC clock.
[    0.891668] tsc: Marking TSC unstable due to check_tsc_sync_source failed
[    0.338087] x86: Booted up 1 node, 2 CPUs
[    0.340003] smpboot: Total of 2 processors activated (12775.68 BogoMIPS)
[    0.344409] devtmpfs: initialized
[    0.348302] evm: security.selinux
[    0.349994] evm: security.SMACK64
[    0.351471] evm: security.SMACK64EXEC
[    0.352002] evm: security.SMACK64TRANSMUTE
[    0.353779] evm: security.SMACK64MMAP
[    0.356001] evm: security.ima
[    0.357362] evm: security.capability
[    0.360212] clocksource: jiffies: mask: 0xffffffff max_cycles: 0xffffffff, max_idle_ns: 7645041785100000 ns
[    0.364095] futex hash table entries: 512 (order: 3, 32768 bytes)
[    0.368314] pinctrl core: initialized pinctrl subsystem
[    0.372109] RTC time: 19:21:12, date: 06/19/24
[    0.374673] NET: Registered protocol family 16
[    0.388005] cpuidle: using governor ladder
[    0.404006] cpuidle: using governor menu
[    0.405970] PCCT header not found.
[    0.409363] ACPI: bus type PCI registered
[    0.411131] acpiphp: ACPI Hot Plug PCI Controller Driver version: 0.5
[    0.412264] PCI: Using configuration type 1 for base access
[    0.416001] PCI: Using configuration type 1 for extended access
[    0.432281] ACPI: Added _OSI(Module Device)
[    0.434213] ACPI: Added _OSI(Processor Device)
[    0.436003] ACPI: Added _OSI(3.0 _SCP Extensions)
[    0.438014] ACPI: Added _OSI(Processor Aggregator Device)
[    0.440573] ACPI: Executed 1 blocks of module-level executable AML code
[    0.446095] ACPI: Interpreter enabled
[    0.448009] ACPI: (supports S0 S5)
[    0.449564] ACPI: Using IOAPIC for interrupt routing
[    0.452266] PCI: Using host bridge windows from ACPI; if necessary, use "pci=nocrs" and report a bug
[    0.459625] ACPI: PCI Root Bridge [PCI0] (domain 0000 [bus 00-ff])
[    0.460007] acpi PNP0A03:00: _OSC: OS supports [ExtendedConfig ASPM ClockPM Segments MSI]
[    0.464644] acpi PNP0A03:00: _OSC: platform does not support [PCIeCapability]
[    0.468299] acpi PNP0A03:00: _OSC: not requesting control; platform does not support [PCIeCapability]
[    0.472003] acpi PNP0A03:00: _OSC: OS requested [PCIeHotplug PME AER PCIeCapability]
[    0.476003] acpi PNP0A03:00: _OSC: platform willing to grant [PCIeHotplug PME AER]
[    0.480006] acpi PNP0A03:00: _OSC failed (AE_SUPPORT); disabling ASPM
[    0.484501] PCI host bridge to bus 0000:00
[    0.488004] pci_bus 0000:00: root bus resource [io  0x0000-0x0cf7 window]
[    0.491142] pci_bus 0000:00: root bus resource [io  0x0d00-0xffff window]
[    0.492006] pci_bus 0000:00: root bus resource [mem 0x000a0000-0x000bffff window]
[    0.496008] pci_bus 0000:00: root bus resource [mem 0x40000000-0xfdffffff window]
[    0.500003] pci_bus 0000:00: root bus resource [bus 00-ff]
[    0.507230] pci 0000:00:01.1: legacy IDE quirk: reg 0x10: [io  0x01f0-0x01f7]
[    0.508004] pci 0000:00:01.1: legacy IDE quirk: reg 0x14: [io  0x03f6]
[    0.512003] pci 0000:00:01.1: legacy IDE quirk: reg 0x18: [io  0x0170-0x0177]
[    0.516003] pci 0000:00:01.1: legacy IDE quirk: reg 0x1c: [io  0x0376]
[    0.530618] pci 0000:00:07.0: quirk: [io  0x4000-0x403f] claimed by PIIX4 ACPI
[    0.532032] pci 0000:00:07.0: quirk: [io  0x4100-0x410f] claimed by PIIX4 SMB
[    0.540199] ACPI: PCI Interrupt Link [LNKA] (IRQs 5 9 10 *11)
[    0.543805] ACPI: PCI Interrupt Link [LNKB] (IRQs 5 9 *10 11)
[    0.545551] ACPI: PCI Interrupt Link [LNKC] (IRQs 5 *9 10 11)
[    0.549621] ACPI: PCI Interrupt Link [LNKD] (IRQs 5 9 10 *11)
[    0.553581] ACPI: Enabled 2 GPEs in block 00 to 07
[    0.556161] vgaarb: setting as boot device: PCI:0000:00:02.0
[    0.558482] vgaarb: device added: PCI:0000:00:02.0,decodes=io+mem,owns=io+mem,locks=none
[    0.560002] vgaarb: loaded
[    0.561267] vgaarb: bridge control possible 0000:00:02.0
[    0.564030] SCSI subsystem initialized
[    0.565886] ACPI: bus type USB registered
[    0.568028] usbcore: registered new interface driver usbfs
[    0.570438] usbcore: registered new interface driver hub
[    0.572009] usbcore: registered new device driver usb
[    0.576132] PCI: Using ACPI for IRQ routing
[    0.578379] NetLabel: Initializing
[    0.580002] NetLabel:  domain hash size = 128
[    0.581976] NetLabel:  protocols = UNLABELED CIPSOv4
[    0.584008] NetLabel:  unlabeled traffic allowed by default
[    0.588080] amd_nb: Cannot enumerate AMD northbridges
[    0.590549] clocksource: Switched to clocksource kvm-clock
[    0.604875] AppArmor: AppArmor Filesystem Enabled
[    0.606315] pnp: PnP ACPI init
[    0.606315] pnp: PnP ACPI: found 3 devices
[    0.641832] clocksource: acpi_pm: mask: 0xffffff max_cycles: 0xffffff, max_idle_ns: 2085701024 ns
[    0.644888] NET: Registered protocol family 2
[    0.648293] TCP established hash table entries: 8192 (order: 4, 65536 bytes)
[    0.651728] TCP bind hash table entries: 8192 (order: 5, 131072 bytes)
[    0.652095] TCP: Hash tables configured (established 8192 bind 8192)
[    0.652095] UDP hash table entries: 512 (order: 2, 16384 bytes)
[    0.652095] UDP-Lite hash table entries: 512 (order: 2, 16384 bytes)
[    0.652095] NET: Registered protocol family 1
[    0.652095] pci 0000:00:00.0: Limiting direct PCI/PCI transfers
[    0.652095] pci 0000:00:01.0: Activating ISA DMA hang workarounds
[    0.652095] Unpacking initramfs...
[    0.652095] Freeing initrd memory: 14888K
[    0.652095] clocksource: tsc: mask: 0xffffffffffffffff max_cycles: 0x2e09dacf849, max_idle_ns: 440795304058 ns
[    0.652095] platform rtc_cmos: registered platform RTC device (no PNP device found)
[    0.652095] Scanning for low memory corruption every 60 seconds
[    0.887250] audit: initializing netlink subsys (disabled)
[    0.891089] audit: type=2000 audit(1718824876.525:1): initialized
[    0.895162] Initialise system trusted keyring
[    0.898091] HugeTLB registered 2 MB page size, pre-allocated 0 pages
[    0.903650] zbud: loaded
[    0.907373] VFS: Disk quotas dquot_6.6.0
[    0.909282] VFS: Dquot-cache hash table entries: 512 (order 0, 4096 bytes)
[    0.912265] squashfs: version 4.0 (2009/01/31) Phillip Lougher
[    0.915758] fuse init (API version 7.23)
[    0.918135] Key type big_key registered
[    0.919816] Allocating IMA MOK and blacklist keyrings.
[    0.931934] Key type asymmetric registered
[    0.934395] Asymmetric key parser 'x509' registered
[    0.936796] Block layer SCSI generic (bsg) driver version 0.4 loaded (major 249)
[    0.940646] io scheduler noop registered
[    0.942383] io scheduler deadline registered (default)
[    0.944874] io scheduler cfq registered
[    0.946649] pci_hotplug: PCI Hot Plug PCI Core version: 0.5
[    0.949100] pciehp: PCI Express Hot Plug Controller Driver version: 0.4
[    0.951944] ACPI: AC Adapter [AC] (on-line)
[    0.953942] input: Power Button as /devices/LNXSYSTM:00/LNXPWRBN:00/input/input0
[    0.957181] ACPI: Power Button [PWRF]
[    0.958859] input: Sleep Button as /devices/LNXSYSTM:00/LNXSLPBN:00/input/input1
[    0.962181] ACPI: Sleep Button [SLPF]
[    0.965448] ACPI: Battery Slot [BAT0] (battery present)
[    0.967805] GHES: HEST is not enabled!
[    0.970026] Serial: 8250/16550 driver, 32 ports, IRQ sharing enabled
[    0.997157] 00:02: ttyS0 at I/O 0x3f8 (irq = 4, base_baud = 115200) is a 16550A
[    1.012168] Linux agpgart interface v0.103
[    1.023796] loop: module loaded
[    1.027111] scsi host0: ata_piix
[    1.029476] scsi host1: ata_piix
[    1.031118] ata1: PATA max UDMA/33 cmd 0x1f0 ctl 0x3f6 bmdma 0xd000 irq 14
[    1.034359] ata2: PATA max UDMA/33 cmd 0x170 ctl 0x376 bmdma 0xd008 irq 15
[    1.037816] libphy: Fixed MDIO Bus: probed
[    1.040366] tun: Universal TUN/TAP device driver, 1.6
[    1.042627] tun: (C) 1999-2004 Max Krasnyansky <maxk@qualcomm.com>
[    1.045715] PPP generic driver version 2.4.2
[    1.048115] ehci_hcd: USB 2.0 'Enhanced' Host Controller (EHCI) Driver
[    1.050978] ehci-pci: EHCI PCI platform driver
[    1.053181] ehci-platform: EHCI generic platform driver
[    1.055533] ohci_hcd: USB 1.1 'Open' Host Controller (OHCI) Driver
[    1.058568] ohci-pci: OHCI PCI platform driver
[    1.060750] ohci-platform: OHCI generic platform driver
[    1.063130] uhci_hcd: USB Universal Host Controller Interface driver
[    1.066119] i8042: PNP: PS/2 Controller [PNP0303:PS2K,PNP0f03:PS2M] at 0x60,0x64 irq 1,12
[    1.071684] serio: i8042 KBD port at 0x60,0x64 irq 1
[    1.074103] serio: i8042 AUX port at 0x60,0x64 irq 12
[    1.077298] mousedev: PS/2 mouse device common for all mice
[    1.081126] input: AT Translated Set 2 keyboard as /devices/platform/i8042/serio0/input/input2
[    1.086288] rtc_cmos rtc_cmos: rtc core: registered rtc_cmos as rtc0
[    1.089479] rtc_cmos rtc_cmos: alarms up to one day, 114 bytes nvram
[    1.092396] i2c /dev entries driver
[    1.094100] device-mapper: uevent: version 1.0.3
[    1.096785] device-mapper: ioctl: 4.34.0-ioctl (2015-10-28) initialised: dm-devel@redhat.com
[    1.100637] ledtrig-cpu: registered to indicate activity on CPUs
[    1.105218] NET: Registered protocol family 10
[    1.107765] NET: Registered protocol family 17
[    1.109853] Key type dns_resolver registered
[    1.113277] registered taskstats version 1
[    1.115184] Loading compiled-in X.509 certificates
[    1.117822] Loaded X.509 cert 'Build time autogenerated kernel key: cf00e047681d67edb2720680708b7d9498083038'
[    1.122027] zswap: loaded using pool lzo/zbud
[    1.127022] Key type trusted registered
[    1.134555] Key type encrypted registered
[    1.136753] AppArmor: AppArmor sha1 policy hashing enabled
[    1.139069] ima: No TPM chip found, activating TPM-bypass!
[    1.141509] ima: Allocated hash algorithm: sha1
[    1.143484] evm: HMAC attrs: 0x1
[    1.145683]   Magic number: 12:267:395
[    1.147593] pci 0000:00:07.0: hash matches
[    1.150073] rtc_cmos rtc_cmos: setting system clock to 2024-06-19 19:21:12 UTC (1718824872)
[    1.154183] BIOS EDD facility v0.16 2004-Jun-25, 0 devices found
[    1.158963] EDD information not available.
[    1.231837] Freeing unused kernel memory: 1492K
[    1.234210] Write protecting the kernel read-only data: 14336k
[    1.237342] Freeing unused kernel memory: 1584K
[    1.239550] Freeing unused kernel memory: 52K
Loading, please wait...
starting version 229
[    1.256814] random: systemd-udevd: uninitialized urandom read (16 bytes read, 3 bits of entropy available)
[    1.256928] random: udevadm: uninitialized urandom read (16 bytes read, 3 bits of entropy available)
[    1.256943] random: udevadm: uninitialized urandom read (16 bytes read, 3 bits of entropy available)
[    1.267441] random: udevadm: uninitialized urandom read (16 bytes read, 3 bits of entropy available)
[    1.267477] random: udevadm: uninitialized urandom read (16 bytes read, 3 bits of entropy available)
[    1.267637] random: udevadm: uninitialized urandom read (16 bytes read, 3 bits of entropy available)
[    1.267723] random: udevadm: uninitialized urandom read (16 bytes read, 3 bits of entropy available)
[    1.267769] random: udevadm: uninitialized urandom read (16 bytes read, 3 bits of entropy available)
[    1.267814] random: udevadm: uninitialized urandom read (16 bytes read, 3 bits of entropy available)
[    1.267884] random: udevadm: uninitialized urandom read (16 bytes read, 3 bits of entropy available)
[    1.338972] e1000: Intel(R) PRO/1000 Network Driver - version 7.3.21-k8-NAPI
[    1.341010] e1000: Copyright (c) 1999-2006 Intel Corporation.
[    1.353082] Fusion MPT base driver 3.04.20
[    1.356353] Copyright (c) 1999-2008 LSI Corporation
[    1.369185] Fusion MPT SPI Host driver 3.04.20
[    1.569164] input: ImExPS/2 Generic Explorer Mouse as /devices/platform/i8042/serio1/input/input4
[    1.840471] e1000 0000:00:03.0 eth0: (PCI:33MHz:32-bit) 02:be:82:6b:cc:1d
[    1.843610] e1000 0000:00:03.0 eth0: Intel(R) PRO/1000 Network Connection
[    1.848694] mptbase: ioc0: Initiating bringup
[    1.849254] e1000 0000:00:03.0 enp0s3: renamed from eth0
[    1.929117] ioc0: LSI53C1030 A0: Capabilities={Initiator}
[    2.324188] scsi host2: ioc0: LSI53C1030 A0, FwRev=00000000h, Ports=1, MaxQ=256, IRQ=20
[    2.477012] scsi 2:0:0:0: Direct-Access     VBOX     HARDDISK         1.0  PQ: 0 ANSI: 5
[    2.481799] scsi target2:0:0: Beginning Domain Validation
[    2.489891] scsi target2:0:0: Domain Validation skipping write tests
[    2.496413] scsi target2:0:0: Ending Domain Validation
[    2.499188] scsi target2:0:0: asynchronous
[    2.512570] scsi 2:0:1:0: Direct-Access     VBOX     HARDDISK         1.0  PQ: 0 ANSI: 5
[    2.516131] scsi target2:0:1: Beginning Domain Validation
[    2.521789] scsi target2:0:1: Domain Validation skipping write tests
[    2.524599] scsi target2:0:1: Ending Domain Validation
[    2.527045] scsi target2:0:1: asynchronous
[    2.549615] sd 2:0:0:0: Attached scsi generic sg0 type 0
[    2.549758] sd 2:0:0:0: [sda] 83886080 512-byte logical blocks: (42.9 GB/40.0 GiB)
[    2.550397] sd 2:0:0:0: [sda] Write Protect is off
[    2.550744] sd 2:0:0:0: [sda] Incomplete mode parameter data
[    2.550745] sd 2:0:0:0: [sda] Assuming drive cache: write through
[    2.553329]  sda: sda1
[    2.554994] sd 2:0:0:0: [sda] Attached SCSI disk
[    2.569116] sd 2:0:1:0: Attached scsi generic sg1 type 0
[    2.569471] sd 2:0:1:0: [sdb] 20480 512-byte logical blocks: (10.5 MB/10.0 MiB)
[    2.570063] sd 2:0:1:0: [sdb] Write Protect is off
[    2.570404] sd 2:0:1:0: [sdb] Incomplete mode parameter data
[    2.570405] sd 2:0:1:0: [sdb] Assuming drive cache: write through
[    2.575681] sd 2:0:1:0: [sdb] Attached SCSI disk
Begin: Loading essential drivers ... [    3.912619] md: linear personality registered for level -1
[    3.917660] md: multipath personality registered for level -4
[    3.922337] md: raid0 personality registered for level 0
[    3.933239] md: raid1 personality registered for level 1
[    4.004395] raid6: sse2x1   gen()  8306 MB/s
[    4.072427] raid6: sse2x1   xor() 12931 MB/s
[    4.140667] raid6: sse2x2   gen() 15315 MB/s
[    4.208650] raid6: sse2x2   xor() 17547 MB/s
[    4.276566] raid6: sse2x4   gen() 20833 MB/s
[    4.344117] raid6: sse2x4   xor() 12540 MB/s
[    4.346428] raid6: using algorithm sse2x4 gen() 20833 MB/s
[    4.348865] raid6: .... xor() 12540 MB/s, rmw enabled
[    4.351032] raid6: using ssse3x2 recovery algorithm
[    4.354928] xor: measuring software checksum speed
[    6.204420]    prefetch64-sse: 582228.704 MB/sec
[   10.251635]    generic_sse: 493927.704 MB/sec
[   10.253986] xor: using function: prefetch64-sse (582228.704 MB/sec)
[   10.258635] async_tx: api initialized (async)
[   10.288374] md: raid6 personality registered for level 6
[   10.291214] md: raid5 personality registered for level 5
[   10.293760] md: raid4 personality registered for level 4
[   10.308791] md: raid10 personality registered for level 10
done.
Begin: Running /scripts/init-premount ... done.
Begin: Mounting root file system ... Begin: Running /scripts/local-top ... done.
Begin: Running /scripts/local-premount ... [   10.357199] Btrfs loaded
Scanning for Btrfs filesystems
done.
Warning: fsck not present, so skipping root file system
[   10.403892] EXT4-fs (sda1): mounted filesystem with ordered data mode. Opts: (null)
done.
Begin: Running /scripts/local-bottom ... done.
Begin: Running /scripts/init-bottom ... done.
[   10.518910] systemd[1]: systemd 229 running in system mode. (+PAM +AUDIT +SELINUX +IMA +APPARMOR +SMACK +SYSVINIT +UTMP +LIBCRYPTSETUP +GCRYPT +GNUTLS +ACL +XZ -LZ4 +SECCOMP +BLKID +ELFUTILS +KMOD -IDN)
[   10.526989] systemd[1]: Detected virtualization oracle.
[   10.529381] systemd[1]: Detected architecture x86-64.

Welcome to [1mUbuntu 16.04.7 LTS[0m!

[   10.536889] systemd[1]: Set hostname to <ubuntu>.
[   10.542717] systemd[1]: Initializing machine ID from random generator.
[   10.545807] systemd[1]: Installed transient /etc/machine-id file.
[   10.682329] systemd[1]: Listening on /dev/initctl Compatibility Named Pipe.
[[0;32m  OK  [0m] Listening on /dev/initctl Compatibility Named Pipe.
[   10.688707] systemd[1]: Set up automount Arbitrary Executable File Formats File System Automount Point.
[[0;32m  OK  [0m] Set up automount Arbitrary Executab...ats File System Automount Point.
[   10.696012] systemd[1]: Listening on Device-mapper event daemon FIFOs.
[[0;32m  OK  [0m] Listening on Device-mapper event daemon FIFOs.
[   10.702088] systemd[1]: Reached target Encrypted Volumes.
[[0;32m  OK  [0m] Reached target Encrypted Volumes.
[   10.707398] systemd[1]: Listening on Journal Socket (/dev/log).
[[0;32m  OK  [0m] Listening on Journal Socket (/dev/log).
[   10.713096] systemd[1]: Created slice User and Session Slice.
[[0;32m  OK  [0m] Created slice User and Session Slice.
[   10.719023] systemd[1]: Created slice System Slice.
[[0;32m  OK  [0m] Created slice System Slice.
[   10.724046] systemd[1]: Created slice system-serial\x2dgetty.slice.
[[0;32m  OK  [0m] Created slice system-serial\x2dgetty.slice.
[   10.729946] systemd[1]: Reached target Slices.
[[0;32m  OK  [0m] Reached target Slices.
[   10.734695] systemd[1]: Listening on udev Kernel Socket.
[[0;32m  OK  [0m] Listening on udev Kernel Socket.
[   10.740003] systemd[1]: Listening on LVM2 metadata daemon socket.
[[0;32m  OK  [0m] Listening on LVM2 metadata daemon socket.
[   10.745795] systemd[1]: Reached target User and Group Name Lookups.
[[0;32m  OK  [0m] Reached target User and Group Name Lookups.
[   10.751542] systemd[1]: Reached target Swap.
[[0;32m  OK  [0m] Reached target Swap.
[   10.756482] systemd[1]: Listening on fsck to fsckd communication Socket.
[[0;32m  OK  [0m] Listening on fsck to fsckd communication Socket.
[   10.762421] systemd[1]: Listening on Journal Socket.
[[0;32m  OK  [0m] Listening on Journal Socket.
[   10.781263] systemd[1]: Starting Load Kernel Modules...
         Starting Load Kernel Modules...
[   10.791053] systemd[1]: Starting Uncomplicated firewall...
         Starting Uncomplicated firewall...
[   10.799237] systemd[1]: Starting Monitoring of LVM2 mirrors, snapshots etc. using dmeventd or progress polling...
[   10.805757] Loading iSCSI transport class v2.0-870.
         Starting Monitoring of LVM2 mirrors... dmeventd or progress polling...
[   10.815837] systemd[1]: Starting Create list of required static device nodes for the current kernel...
         Starting Create list of required st... nodes for the current kernel...[   10.828183] iscsi: registered transport (tcp)

[   10.840583] systemd[1]: Starting File System Check on Root Device...
         Starting File System Check on Root Device...
[   10.849517] systemd[1]: Mounting POSIX Message Queue File System...
         Mounting POSIX Message Queue File System...
[   10.861674] systemd[1]: Listening on Journal Audit Socket.
[[0;32m  OK  [0m] Listening on Journal Audit Socket.
[   10.872746] systemd[1]: Started Trigger resolvconf update for networkd DNS.
[[0;32m  OK  [0m] Started Trigger resolvconf update for networkd DNS.
[   10.900185] systemd[1]: Starting Set console keymap...
[   10.904313] iscsi: registered transport (iser)
         Starting Set console keymap...
[   10.908935] systemd[1]: Listening on udev Control Socket.
[[0;32m  OK  [0m] Listening on udev Control Socket.
[   10.917313] systemd[1]: Reached target System Time Synchronized.
[[0;32m  OK  [0m] Reached target System Time Synchronized.
[   10.924642] systemd[1]: Listening on Syslog Socket.
[[0;32m  OK  [0m] Listening on Syslog Socket.
[   10.931558] systemd[1]: Starting Journal Service...
         Starting Journal Service...
[   10.939206] systemd[1]: Starting Nameserver information manager...
         Starting Nameserver information manager...
[   10.947704] systemd[1]: Started Forward Password Requests to Wall Directory Watch.
[[0;32m  OK  [0m] Started Forward Password Requests to Wall Directory Watch.
[   10.957966] systemd[1]: Listening on LVM2 poll daemon socket.
[[0;32m  OK  [0m] Listening on LVM2 poll daemon socket.
[   10.965762] systemd[1]: Mounting Huge Pages File System...
         Mounting Huge Pages File System...
[   10.974700] systemd[1]: Mounting Debug File System...
         Mounting Debug File System...
[   10.981074] systemd[1]: Mounted Huge Pages File System.
[[0;32m  OK  [0m] Mounted Huge Pages File System.
[   10.986311] systemd[1]: Mounted POSIX Message Queue File System.
[[0;32m  OK  [0m] Mounted POSIX Message Queue File System.
[   10.992675] systemd[1]: Mounted Debug File System.
[[0;32m  OK  [0m] Mounted Debug File System.
[   10.997884] systemd[1]: Started Journal Service.
[[0;32m  OK  [0m] Started Journal Service.
[[0;32m  OK  [0m] Started Load Kernel Modules.
[[0;32m  OK  [0m] Started Uncomplicated firewall.
[[0;32m  OK  [0m] Started Create list of required sta...ce nodes for the current kernel.
[[0;32m  OK  [0m] Started File System Check on Root Device.
[[0;32m  OK  [0m] Started Set console keymap.
[[0;32m  OK  [0m] Started File System Check Daemon to report status.
[[0;32m  OK  [0m] Started LVM2 metadata daemon.
         Starting Remount Root and Kernel File Systems...
         Starting Create Static Device Nodes in /dev...
[   11.047040] EXT4-fs (sda1): re-mounted. Opts: (null)
         Starting Apply Kernel Variables...
         Mounting FUSE Control File System...
[[0;32m  OK  [0m] Mounted FUSE Control File System.
[[0;32m  OK  [0m] Started Nameserver information manager.
[[0;32m  OK  [0m] Started Remount Root and Kernel File Systems.
[[0;32m  OK  [0m] Started Create Static Device Nodes in /dev.
[[0;32m  OK  [0m] Started Apply Kernel Variables.
         Starting udev Kernel Device Manager...
         Starting Load/Save Random Seed...
         Starting udev Coldplug all Devices...
         Starting Flush Journal to Persistent Storage...
[[0;32m  OK  [0m] Started Load/Save Random Seed.
[[0;32m  OK  [0m] Started Flush Journal to Persistent Storage.
[[0;32m  OK  [0m] Started udev Kernel Device Manager.
[[0;32m  OK  [0m] Started udev Coldplug all Devices.
[[0;32m  OK  [0m] Started Dispatch Password Requests to Console Directory Watch.
[[0;32m  OK  [0m] Started Monitoring of LVM2 mirrors,...ng dmeventd or progress polling.
[[0;32m  OK  [0m] Reached target Local File Systems (Pre).
[[0;32m  OK  [0m] Reached target Local File Systems.
         Starting Create Volatile Files and Directories...
         Starting Initial cloud-init job (pre-networking)...
         Starting Set console font and keymap...
         Starting LSB: AppArmor initialization...
         Starting Commit a transient machine-id on disk...
         Starting Tell Plymouth To Write Out Runtime Data...
[[0;32m  OK  [0m] Started Create Volatile Files and Directories.
[[0;32m  OK  [0m] Found device /dev/ttyS0.
[[0;32m  OK  [0m] Started Tell Plymouth To Write Out Runtime Data.
         Starting Update UTMP about System Boot/Shutdown...
[[0;32m  OK  [0m] Started Commit a transient machine-id on disk.
[[0;32m  OK  [0m] Listening on Load/Save RF Kill Switch Status /dev/rfkill Watch.
[[0;32m  OK  [0m] Started Update UTMP about System Boot/Shutdown.
[[0;32m  OK  [0m] Started LSB: AppArmor initialization.
         Starting Load AppArmor profiles managed internally by snapd...
[[0;32m  OK  [0m] Started Load AppArmor profiles managed internally by snapd.
[   12.899849] cloud-init[476]: Cloud-init v. 21.1-19-gbad84ad4-0ubuntu1~16.04.2 running 'init-local' at Wed, 19 Jun 2024 19:21:23 +0000. Up 12.62 seconds.
[[0;32m  OK  [0m] Started Set console font and keymap.
[[0;32m  OK  [0m] Started Initial cloud-init job (pre-networking).
[[0;32m  OK  [0m] Reached target Network (Pre).
         Starting Raise network interfaces...
[[0;32m  OK  [0m] Created slice system-getty.slice.
[[0;32m  OK  [0m] Started Raise network interfaces.
         Starting Initial cloud-init job (metadata service crawler)...
[[0;32m  OK  [0m] Reached target Network.
[   13.666587] cloud-init[926]: Cloud-init v. 21.1-19-gbad84ad4-0ubuntu1~16.04.2 running 'init' at Wed, 19 Jun 2024 19:21:24 +0000. Up 13.33 seconds.
[   13.670696] cloud-init[926]: ci-info: ++++++++++++++++++++++++++++++++++++++Net device info++++++++++++++++++++++++++++++++++++++
[   13.674197] cloud-init[926]: ci-info: +--------+------+----------------------------+---------------+--------+-------------------+
[   13.677864] cloud-init[926]: ci-info: | Device |  Up  |          Address           |      Mask     | Scope  |     Hw-Address    |
[   13.681833] cloud-init[926]: ci-info: +--------+------+----------------------------+---------------+--------+-------------------+
[   13.685069] cloud-init[926]: ci-info: | enp0s3 | True |         10.0.2.15          | 255.255.255.0 | global | 02:be:82:6b:cc:1d |
[   13.688651] cloud-init[926]: ci-info: | enp0s3 | True | fe80::be:82ff:fe6b:cc1d/64 |       .       |  link  | 02:be:82:6b:cc:1d |
[   13.691613] cloud-init[926]: ci-info: |   lo   | True |         127.0.0.1          |   255.0.0.0   |  host  |         .         |
[   13.695572] cloud-init[926]: ci-info: |   lo   | True |          ::1/128           |       .       |  host  |         .         |
[   13.699690] cloud-init[926]: ci-info: +--------+------+----------------------------+---------------+--------+-------------------+
[   13.703836] cloud-init[926]: ci-info: +++++++++++++++++++++++++++Route IPv4 info++++++++++++++++++++++++++++
[   13.707236] cloud-init[926]: ci-info: +-------+-------------+----------+---------------+-----------+-------+
[   13.722445] cloud-init[926]: ci-info: | Route | Destination | Gateway  |    Genmask    | Interface | Flags |
[   13.726032] cloud-init[926]: ci-info: +-------+-------------+----------+---------------+-----------+-------+
[   13.729374] cloud-init[926]: ci-info: |   0   |   0.0.0.0   | 10.0.2.2 |    0.0.0.0    |   enp0s3  |   UG  |
[   13.732792] cloud-init[926]: ci-info: |   1   |   10.0.2.0  | 0.0.0.0  | 255.255.255.0 |   enp0s3  |   U   |
[   13.736067] cloud-init[926]: ci-info: +-------+-------------+----------+---------------+-----------+-------+
[   13.739325] cloud-init[926]: ci-info: +++++++++++++++++++Route IPv6 info+++++++++++++++++++
[   13.743277] cloud-init[926]: ci-info: +-------+-------------+---------+-----------+-------+
[   13.746284] cloud-init[926]: ci-info: | Route | Destination | Gateway | Interface | Flags |
[   13.752539] [[0;32m  OK  [0m] Started Initial cloud-init job (metadata service crawler).
[[0;32m  OK  [0m] Reached target Cloud-config availability.
[[0;32m  OK  [0m] Reached target System Initialization.
cloud-init[926]: [[0;32m  OK  [0m] Started ACPI Events Check.
[[0;32m  OK  [0m] Reached target Paths.
[[0;32m  OK  [0m] Listening on ACPID Listen Socket.
[[0;32m  OK  [0m] Started Daily apt download activities.
[[0;32m  OK  [0m] Started Daily apt upgrade and clean activities.
[[0;32m  OK  [0m] Listening on UUID daemon activation socket.
ci-info: +-------+-------------+---------+-----------+-------+         Starting LXD - unix socket.
[[0;32m  OK  [0m] Started Ubuntu Advantage update messaging.
[[0;32m  OK  [0m] Listening on D-Bus System Message Bus Socket.
[[0;32m  OK  [0m] Started Message of the Day.
[[0;32m  OK  [0m] Started Daily Cleanup of Temporary Directories.
[[0;32m  OK  [0m] Reached target Timers.
         Starting Socket activation for snappy daemon.
[[0;32m  OK  [0m] Reached target Network is Online.

[   13.770648] cloud-init[926]: ci-info: |   0   |  fe80::/64  |    ::   |   enp0s3  |   U   |
[   13.774500] cloud-init[926]: ci-info: |   3   |   ff00::/8  |    ::   |   enp0s3  |   U   |
[   13.777726] cloud-init[926]: ci-info: +-------+-------------+---------+-----------+-------+
[   13.785407] cloud-init[926]: Generating public/private rsa key pair.
[   13.786050] cloud-init[926]: Your identification has been saved in /etc/ssh/ssh_host_rsa_key.
[   13.786091] cloud-init[926]: Your public key has been saved in /etc/ssh/ssh_host_rsa_key.pub.
[   13.786384] cloud-init[926]: The key fingerprint is:
[   13.786618] cloud-init[926]: SHA256:f41d/tuFyVR3YkUdVI4o0iJJNZzMQmN5P02PaJOiZ5g root@ubuntu-xenial
[   13.786854] cloud-init[926]: The key's randomart image is:
[   13.787090] cloud-init[926]: +---[RSA 2048]----+
[   13.787330] cloud-init[926]: |     .=*o.    .+B|
[   13.787569] cloud-init[926]: |     ooo*o  .. +.|
[   13.787802] cloud-init[926]: |      ooo.o=.o+ =|
[   13.788505] cloud-init[926]: |       ..oB.o..oo|
[   13.788739] cloud-init[926]: |       +So o  . .|
[   13.788974] cloud-init[926]: |      E o.   * = |
[   13.789210] cloud-init[926]: |       o  . o * o|
[   13.789445] cloud-init[926]: |           .    +|
[   13.789681] cloud-init[926]: |               .+|
[   13.789918] cloud-init[926]: +----[SHA256]-----+
[   13.790155] cloud-init[926]: Generating public/private dsa key pair.
[   13.790391] cloud-init[926]: Your identification has been saved in /etc/ssh/ssh_host_dsa_key.
[   13.790624] cloud-init[926]: Your public key has been saved in /etc/ssh/ssh_host_dsa_key.pub.
[   13.790859] cloud-init[926]: The key fingerprint is:
[   13.791097] cloud-init[926]: SHA256:eCS/OQnpNtva6YBvb7jvntuENJJwwQdtjI9gLUJ10+g root@ubuntu-xenial
[   13.791334] cloud-init[926]: The key's randomart image is:
[   13.791569] cloud-init[926]: +---[DSA 1024]----+
[   13.791805] cloud-init[926]: | ....o=B         |
[   13.792342] cloud-init[926]: |  . +.=o*        |
[   13.792575] cloud-init[926]: |   o.+o=.        |
[   13.792814] cloud-init[926]: |     oEB.        |
[   13.793047] cloud-init[926]: |      * S        |
[   13.793291] cloud-init[926]: |     o = *       |
[   13.793526] cloud-init[926]: |    . =.* .      |
[   13.793761] cloud-init[926]: |     oo*.*       |
[   13.794000] cloud-init[926]: |     .=X%..      |
[   13.794238] cloud-init[926]: +----[SHA256]-----+
[   13.794472] cloud-init[926]: Generating public/private ecdsa key pair.
[   13.794709] cloud-init[926]: Your identification has been saved in /etc/ssh/ssh_host_ecdsa_key.
[   13.794965] cloud-init[926]: Your public key has been saved in /etc/ssh/ssh_host_ecdsa_key.pub.
[   13.795198] cloud-init[926]: The key fingerprint is:
[   13.795433] cloud-init[926]: SHA256:3pXqQa8L3/62iZ/vSTJMsbDlx/ngcROFlDwFaYnjBO4 root@ubuntu-xenial
[   13.795669] cloud-init[926]: The key's randomart image is:
[   13.795904] cloud-init[926]: +---[ECDSA 256]---+
[   13.796425] cloud-init[926]: |          .. +oBo|
[   13.796659] cloud-init[926]: |         .  + O .|
[   13.796975] cloud-init[926]: |          .+ = o |
[   13.797197] cloud-init[926]: |         .  *.+ o|
[   13.797454] cloud-init[926]: |        S E.o+o=.|
[   13.797837] cloud-init[926]: |       . o +o..+o|
[   13.797876] cloud-init[926]: |        o + .+...|
[   13.797926] cloud-init[926]: |         + + .=o.|
[   13.797962] cloud-init[926]: |          =o++*=o|
[   13.798000] cloud-init[926]: +----[SHA256]-----+
[   13.798034] cloud-init[926]: Generating public/private ed25519 key pair.
[   13.798072] cloud-init[926]: Your identification has been saved in /etc/ssh/ssh_host_ed25519_key.
[   13.798384] cloud-init[926]: Your public key has been saved in /etc/ssh/ssh_host_ed25519_key.pub.
[   13.798618] cloud-init[926]: The key fingerprint is:
[   13.798853] cloud-init[926]: SHA256:cvltEOESMN7i9UYFEMxL3eG1zK45T3rsmbUfL/Qj4i4 root@ubuntu-xenial
[   13.799090] cloud-init[926]: The key's randomart image is:
[   13.799343] cloud-init[926]: +--[ED25519 256]--+
[   13.799577] cloud-init[926]: |      o+++ooo..  |
[   13.799814] cloud-init[926]: |     . o+o.+.+ . |
[   13.800335] cloud-init[926]: |      o.+.+ . +  |
[   13.800567] cloud-init[926]: |     . o.= . .   |
[   13.800803] cloud-init[926]: |      o S +   .  |
[   13.801043] cloud-init[926]: |       o o o o.  |
[   13.801277] cloud-init[926]: |          . *o.o.|
[   13.801512] cloud-init[926]: |         E o *+==|
[   13.801942] cloud-init[926]: |          +ooo*o=|
[   13.802043] cloud-init[926]: +----[SHA256]-----+
         Starting iSCSI initiator daemon (iscsid)...
[[0;32m  OK  [0m] Listening on LXD - unix socket.
[[0;32m  OK  [0m] Listening on Socket activation for snappy daemon.
[[0;32m  OK  [0m] Reached target Sockets.
[[0;32m  OK  [0m] Reached target Basic System.
         Starting Pollinate to seed the pseudo random number generator...
         Starting LSB: Record successful boot for GRUB...
         Starting System Logging Service...
         Starting /etc/rc.local Compatibility...
         Starting Snap Daemon...
[[0;32m  OK  [0m] Started Regular background program processing daemon.
         Starting Login Service...
[[0;32m  OK  [0m] Started D-Bus System Message Bus.
         Starting LSB: MD monitoring daemon...
[[0;32m  OK  [0m] Started FUSE filesystem for LXC.
[[0;32m  OK  [0m] Started ACPI event daemon.
[[0;32m  OK  [0m] Started Deferred execution scheduler.
         Starting Accounts Service...
         Starting Virtualbox guest utils...
         Starting LXD - container startup/shutdown...
[[0;32m  OK  [0m] Started System Logging Service.
[[0;32m  OK  [0m] Started iSCSI initiator daemon (iscsid).
[[0;32m  OK  [0m] Started /etc/rc.local Compatibility.
         Starting Login to default iSCSI targets...
[[0;32m  OK  [0m] Started LSB: Record successful boot for GRUB.
[[0;32m  OK  [0m] Started Login Service.
[[0;32m  OK  [0m] Started Unattended Upgrades Shutdown.
[[0;32m  OK  [0m] Started LSB: MD monitoring daemon.
         Starting Authenticate and Authorize Users to Run Privileged Tasks...
[[0;32m  OK  [0m] Started Login to default iSCSI targets.
[[0;32m  OK  [0m] Reached target Remote File Systems (Pre).
[[0;32m  OK  [0m] Reached target Remote File Systems.
         Starting Permit User Sessions...
         Starting LSB: Set the CPU Frequency Scaling governor to "ondemand"...
         Starting LSB: daemon to balance interrupts for SMP systems...
         Starting LSB: automatic crash report generation...
[[0;32m  OK  [0m] Started LXD - container startup/shutdown.
[[0;32m  OK  [0m] Started Permit User Sessions.
[[0;32m  OK  [0m] Started Authenticate and Authorize Users to Run Privileged Tasks.
[[0;32m  OK  [0m] Started Virtualbox guest utils.
[[0;32m  OK  [0m] Started Accounts Service.
         Starting Hold until boot process finishes up...
         Starting Terminate Plymouth Boot Screen...
[[0;32m  OK  [0m] Started LSB: Set the CPU Frequency Scaling governor to "ondemand".
[[0;32m  OK  [0m] Started LSB: daemon to balance interrupts for SMP systems.
[[0;32m  OK  [0m] Started LSB: automatic crash report generation.
[[0;32m  OK  [0m] Started Hold until boot process finishes up.
[[0;32m  OK  [0m] Started Terminate Plymouth Boot Screen.
[[0;32m  OK  [0m] Started Getty on tty1.
         Starting Set console scheme...
[[0;32m  OK  [0m] Started Serial Getty on ttyS0.
[[0;32m  OK  [0m] Reached target Login Prompts.
[[0;32m  OK  [0m] Started Set console scheme.
[[0;32m  OK  [0m] Started Snap Daemon.
         Starting Wait until snapd is fully seeded...
[[0;32m  OK  [0m] Started Pollinate to seed the pseudo random number generator.
         Starting OpenBSD Secure Shell server...
[[0;32m  OK  [0m] Started OpenBSD Secure Shell server.
[[0;32m  OK  [0m] Started Wait until snapd is fully seeded.
         Starting Apply the settings specified in cloud-config...
[[0;32m  OK  [0m] Reached target Multi-User System.
[[0;32m  OK  [0m] Reached target Graphical Interface.
         Starting Update UTMP about System Runlevel Changes...
[[0;32m  OK  [0m] Started Update UTMP about System Runlevel Changes.
[   16.851184] cloud-init[1261]: Generating locales (this might take a while)...
[   17.509698] cloud-init[1261]:   en_US.UTF-8... done
[   17.512626] cloud-init[1261]: Generation complete.
[   17.739877] cloud-init[1261]: Cloud-init v. 21.1-19-gbad84ad4-0ubuntu1~16.04.2 running 'modules:config' at Wed, 19 Jun 2024 19:21:28 +0000. Up 16.77 seconds.
[[0;32m  OK  [0m] Started Apply the settings specified in cloud-config.
         Starting Execute cloud user/final scripts...
ci-info: no authorized SSH keys fingerprints found for user ubuntu.
<14>Jun 19 19:21:29 ec2: 
<14>Jun 19 19:21:29 ec2: #############################################################
<14>Jun 19 19:21:29 ec2: -----BEGIN SSH HOST KEY FINGERPRINTS-----
<14>Jun 19 19:21:29 ec2: 1024 SHA256:eCS/OQnpNtva6YBvb7jvntuENJJwwQdtjI9gLUJ10+g root@ubuntu-xenial (DSA)
<14>Jun 19 19:21:29 ec2: 256 SHA256:3pXqQa8L3/62iZ/vSTJMsbDlx/ngcROFlDwFaYnjBO4 root@ubuntu-xenial (ECDSA)
<14>Jun 19 19:21:29 ec2: 256 SHA256:cvltEOESMN7i9UYFEMxL3eG1zK45T3rsmbUfL/Qj4i4 root@ubuntu-xenial (ED25519)
<14>Jun 19 19:21:29 ec2: 2048 SHA256:f41d/tuFyVR3YkUdVI4o0iJJNZzMQmN5P02PaJOiZ5g root@ubuntu-xenial (RSA)
<14>Jun 19 19:21:29 ec2: -----END SSH HOST KEY FINGERPRINTS-----
<14>Jun 19 19:21:29 ec2: #############################################################
-----BEGIN SSH HOST KEY KEYS-----
ecdsa-sha2-nistp256 AAAAE2VjZHNhLXNoYTItbmlzdHAyNTYAAAAIbmlzdHAyNTYAAABBBNzkkiHKRxvsNedSFPMrVBuUm472gfSE59NbQLnlVDEioWdFyCxMflzrL+OM8TCxtrhsd9PwdtM+mI8NAwCVUs4= root@ubuntu-xenial
ssh-ed25519 AAAAC3NzaC1lZDI1NTE5AAAAINPjqgNySLRF4MOaAosBe7KqVAVOSnhUy9EEeo+hOfKP root@ubuntu-xenial
ssh-rsa AAAAB3NzaC1yc2EAAAADAQABAAABAQD4zWFDw5HCJHyE/yxE/Yq0s3G5+RC5c4gkSZyBra7yq7vASk+1M4C3h2QEXD8NVgjuateY+9Ly6Yu5llAExpX1OFYNEFsB53lnqLmDUGWNavyrRVeMmnmzJ7Drwc9YE9s6ZTYYlPaOOS1KPYXuohrlQhTMAsHldhGfyVMoM1aoPPvx5Cso7jlgTDSGGHBoNRZ8yUBzTaDSPxxRTRx9aN7jiLw7VRm/zBP4AossZz38HVlmzNMUGecFFZzBo6BhYuM7FAho5BmobMf3ATeGPLKP15AWTUl2OqwClVvnCqJHg7xxL7pSop6srj1rk9uuf6TFv7zGuRwFsq2IgHibvCA5 root@ubuntu-xenial
-----END SSH HOST KEY KEYS-----
[   18.028113] cloud-init[1305]: Cloud-init v. 21.1-19-gbad84ad4-0ubuntu1~16.04.2 running 'modules:final' at Wed, 19 Jun 2024 19:21:29 +0000. Up 17.92 seconds.
[   18.032590] cloud-init[1305]: ci-info: no authorized SSH keys fingerprints found for user ubuntu.
[   18.037075] cloud-init[1305]: Cloud-init v. 21.1-19-gbad84ad4-0ubuntu1~16.04.2 finished at Wed, 19 Jun 2024 19:21:29 +0000. Datasource DataSourceNoCloud [seed=/dev/sdb][dsmode=net].  Up 18.02 seconds
[[0;32m  OK  [0m] Started Execute cloud user/final scripts.
[[0;32m  OK  [0m] Reached target Cloud-init target.

Ubuntu 16.04.7 LTS ubuntu-xenial ttyS0

ubuntu-xenial login: 